<?xml version="1.0" encoding="UTF-8"?>
<testsuite xmlns:xsi="http://www.w3.org/2001/XMLSchema-instance" xsi:noNamespaceSchemaLocation="https://maven.apache.org/surefire/maven-surefire-plugin/xsd/surefire-test-report.xsd" name="cn.ekgc.socip.AppTest" time="0.072" tests="1" errors="0" skipped="0" failures="0">
  <properties>
    <property name="sun.desktop" value="windows"/>
    <property name="awt.toolkit" value="sun.awt.windows.WToolkit"/>
    <property name="file.encoding.pkg" value="sun.io"/>
    <property name="java.specification.version" value="1.8"/>
    <property name="sun.cpu.isalist" value="amd64"/>
    <property name="sun.jnu.encoding" value="GBK"/>
    <property name="java.class.path" value="D:\Project\IDEA\SOCIPProject\socip-commons\target\test-classes;D:\Project\IDEA\SOCIPProject\socip-commons\target\classes;D:\Project\Maven\org\springframework\cloud\spring-cloud-starter-netflix-eureka-client\2.2.7.RELEASE\spring-cloud-starter-netflix-eureka-client-2.2.7.RELEASE.jar;D:\Project\Maven\org\springframework\cloud\spring-cloud-starter\2.2.7.RELEASE\spring-cloud-starter-2.2.7.RELEASE.jar;D:\Project\Maven\org\springframework\cloud\spring-cloud-context\2.2.7.RELEASE\spring-cloud-context-2.2.7.RELEASE.jar;D:\Project\Maven\org\springframework\security\spring-security-rsa\1.0.9.RELEASE\spring-security-rsa-1.0.9.RELEASE.jar;D:\Project\Maven\org\bouncycastle\bcpkix-jdk15on\1.64\bcpkix-jdk15on-1.64.jar;D:\Project\Maven\org\bouncycastle\bcprov-jdk15on\1.64\bcprov-jdk15on-1.64.jar;D:\Project\Maven\org\springframework\cloud\spring-cloud-netflix-hystrix\2.2.7.RELEASE\spring-cloud-netflix-hystrix-2.2.7.RELEASE.jar;D:\Project\Maven\org\springframework\boot\spring-boot-starter-aop\2.3.9.RELEASE\spring-boot-starter-aop-2.3.9.RELEASE.jar;D:\Project\Maven\org\aspectj\aspectjweaver\1.9.6\aspectjweaver-1.9.6.jar;D:\Project\Maven\org\springframework\cloud\spring-cloud-netflix-eureka-client\2.2.7.RELEASE\spring-cloud-netflix-eureka-client-2.2.7.RELEASE.jar;D:\Project\Maven\com\netflix\eureka\eureka-client\1.10.11\eureka-client-1.10.11.jar;D:\Project\Maven\com\netflix\netflix-commons\netflix-eventbus\0.3.0\netflix-eventbus-0.3.0.jar;D:\Project\Maven\com\netflix\netflix-commons\netflix-infix\0.3.0\netflix-infix-0.3.0.jar;D:\Project\Maven\commons-jxpath\commons-jxpath\1.3\commons-jxpath-1.3.jar;D:\Project\Maven\joda-time\joda-time\2.3\joda-time-2.3.jar;D:\Project\Maven\org\antlr\antlr-runtime\3.4\antlr-runtime-3.4.jar;D:\Project\Maven\org\antlr\stringtemplate\3.2.1\stringtemplate-3.2.1.jar;D:\Project\Maven\antlr\antlr\2.7.7\antlr-2.7.7.jar;D:\Project\Maven\com\google\code\gson\gson\2.8.6\gson-2.8.6.jar;D:\Project\Maven\org\apache\commons\commons-math\2.2\commons-math-2.2.jar;D:\Project\Maven\com\thoughtworks\xstream\xstream\1.4.14\xstream-1.4.14.jar;D:\Project\Maven\xmlpull\xmlpull\1.1.3.1\xmlpull-1.1.3.1.jar;D:\Project\Maven\xpp3\xpp3_min\1.1.4c\xpp3_min-1.1.4c.jar;D:\Project\Maven\com\netflix\archaius\archaius-core\0.7.7\archaius-core-0.7.7.jar;D:\Project\Maven\com\google\guava\guava\29.0-jre\guava-29.0-jre.jar;D:\Project\Maven\com\google\guava\failureaccess\1.0.1\failureaccess-1.0.1.jar;D:\Project\Maven\com\google\guava\listenablefuture\9999.0-empty-to-avoid-conflict-with-guava\listenablefuture-9999.0-empty-to-avoid-conflict-with-guava.jar;D:\Project\Maven\org\checkerframework\checker-qual\2.11.1\checker-qual-2.11.1.jar;D:\Project\Maven\com\google\errorprone\error_prone_annotations\2.3.4\error_prone_annotations-2.3.4.jar;D:\Project\Maven\com\google\j2objc\j2objc-annotations\1.3\j2objc-annotations-1.3.jar;D:\Project\Maven\javax\ws\rs\jsr311-api\1.1.1\jsr311-api-1.1.1.jar;D:\Project\Maven\com\netflix\servo\servo-core\0.12.21\servo-core-0.12.21.jar;D:\Project\Maven\com\sun\jersey\jersey-core\1.19.1\jersey-core-1.19.1.jar;D:\Project\Maven\com\sun\jersey\jersey-client\1.19.1\jersey-client-1.19.1.jar;D:\Project\Maven\com\sun\jersey\contribs\jersey-apache-client4\1.19.1\jersey-apache-client4-1.19.1.jar;D:\Project\Maven\org\apache\httpcomponents\httpclient\4.5.13\httpclient-4.5.13.jar;D:\Project\Maven\org\apache\httpcomponents\httpcore\4.4.14\httpcore-4.4.14.jar;D:\Project\Maven\commons-configuration\commons-configuration\1.10\commons-configuration-1.10.jar;D:\Project\Maven\commons-lang\commons-lang\2.6\commons-lang-2.6.jar;D:\Project\Maven\com\google\inject\guice\4.1.0\guice-4.1.0.jar;D:\Project\Maven\javax\inject\javax.inject\1\javax.inject-1.jar;D:\Project\Maven\aopalliance\aopalliance\1.0\aopalliance-1.0.jar;D:\Project\Maven\com\fasterxml\jackson\core\jackson-annotations\2.11.4\jackson-annotations-2.11.4.jar;D:\Project\Maven\com\fasterxml\jackson\core\jackson-core\2.11.4\jackson-core-2.11.4.jar;D:\Project\Maven\org\codehaus\jettison\jettison\1.4.0\jettison-1.4.0.jar;D:\Project\Maven\com\netflix\eureka\eureka-core\1.10.11\eureka-core-1.10.11.jar;D:\Project\Maven\com\fasterxml\woodstox\woodstox-core\5.3.0\woodstox-core-5.3.0.jar;D:\Project\Maven\org\codehaus\woodstox\stax2-api\4.2\stax2-api-4.2.jar;D:\Project\Maven\org\springframework\cloud\spring-cloud-starter-netflix-archaius\2.2.7.RELEASE\spring-cloud-starter-netflix-archaius-2.2.7.RELEASE.jar;D:\Project\Maven\org\springframework\cloud\spring-cloud-netflix-ribbon\2.2.7.RELEASE\spring-cloud-netflix-ribbon-2.2.7.RELEASE.jar;D:\Project\Maven\org\springframework\cloud\spring-cloud-netflix-archaius\2.2.7.RELEASE\spring-cloud-netflix-archaius-2.2.7.RELEASE.jar;D:\Project\Maven\org\springframework\cloud\spring-cloud-starter-netflix-ribbon\2.2.7.RELEASE\spring-cloud-starter-netflix-ribbon-2.2.7.RELEASE.jar;D:\Project\Maven\com\netflix\ribbon\ribbon\2.3.0\ribbon-2.3.0.jar;D:\Project\Maven\com\netflix\ribbon\ribbon-transport\2.3.0\ribbon-transport-2.3.0.jar;D:\Project\Maven\io\reactivex\rxnetty-contexts\0.4.9\rxnetty-contexts-0.4.9.jar;D:\Project\Maven\io\reactivex\rxnetty-servo\0.4.9\rxnetty-servo-0.4.9.jar;D:\Project\Maven\io\reactivex\rxnetty\0.4.9\rxnetty-0.4.9.jar;D:\Project\Maven\com\netflix\ribbon\ribbon-core\2.3.0\ribbon-core-2.3.0.jar;D:\Project\Maven\com\netflix\ribbon\ribbon-httpclient\2.3.0\ribbon-httpclient-2.3.0.jar;D:\Project\Maven\commons-collections\commons-collections\3.2.2\commons-collections-3.2.2.jar;D:\Project\Maven\com\netflix\netflix-commons\netflix-commons-util\0.3.0\netflix-commons-util-0.3.0.jar;D:\Project\Maven\com\netflix\ribbon\ribbon-loadbalancer\2.3.0\ribbon-loadbalancer-2.3.0.jar;D:\Project\Maven\com\netflix\netflix-commons\netflix-statistics\0.1.1\netflix-statistics-0.1.1.jar;D:\Project\Maven\io\reactivex\rxjava\1.3.8\rxjava-1.3.8.jar;D:\Project\Maven\org\springframework\cloud\spring-cloud-starter-loadbalancer\2.2.7.RELEASE\spring-cloud-starter-loadbalancer-2.2.7.RELEASE.jar;D:\Project\Maven\org\springframework\cloud\spring-cloud-loadbalancer\2.2.7.RELEASE\spring-cloud-loadbalancer-2.2.7.RELEASE.jar;D:\Project\Maven\org\springframework\boot\spring-boot-starter-validation\2.3.9.RELEASE\spring-boot-starter-validation-2.3.9.RELEASE.jar;D:\Project\Maven\org\hibernate\validator\hibernate-validator\6.1.7.Final\hibernate-validator-6.1.7.Final.jar;D:\Project\Maven\jakarta\validation\jakarta.validation-api\2.0.2\jakarta.validation-api-2.0.2.jar;D:\Project\Maven\org\jboss\logging\jboss-logging\3.4.1.Final\jboss-logging-3.4.1.Final.jar;D:\Project\Maven\com\fasterxml\classmate\1.5.1\classmate-1.5.1.jar;D:\Project\Maven\io\projectreactor\reactor-core\3.3.14.RELEASE\reactor-core-3.3.14.RELEASE.jar;D:\Project\Maven\org\reactivestreams\reactive-streams\1.0.3\reactive-streams-1.0.3.jar;D:\Project\Maven\io\projectreactor\addons\reactor-extra\3.3.5.RELEASE\reactor-extra-3.3.5.RELEASE.jar;D:\Project\Maven\org\springframework\boot\spring-boot-starter-cache\2.3.9.RELEASE\spring-boot-starter-cache-2.3.9.RELEASE.jar;D:\Project\Maven\org\springframework\spring-context-support\5.2.13.RELEASE\spring-context-support-5.2.13.RELEASE.jar;D:\Project\Maven\com\stoyanr\evictor\1.0.0\evictor-1.0.0.jar;D:\Project\Maven\com\netflix\ribbon\ribbon-eureka\2.3.0\ribbon-eureka-2.3.0.jar;D:\Project\Maven\org\slf4j\slf4j-api\1.7.30\slf4j-api-1.7.30.jar;D:\Project\Maven\org\springframework\cloud\spring-cloud-starter-openfeign\2.2.7.RELEASE\spring-cloud-starter-openfeign-2.2.7.RELEASE.jar;D:\Project\Maven\org\springframework\cloud\spring-cloud-openfeign-core\2.2.7.RELEASE\spring-cloud-openfeign-core-2.2.7.RELEASE.jar;D:\Project\Maven\io\github\openfeign\form\feign-form-spring\3.8.0\feign-form-spring-3.8.0.jar;D:\Project\Maven\io\github\openfeign\form\feign-form\3.8.0\feign-form-3.8.0.jar;D:\Project\Maven\commons-fileupload\commons-fileupload\1.4\commons-fileupload-1.4.jar;D:\Project\Maven\commons-io\commons-io\2.2\commons-io-2.2.jar;D:\Project\Maven\org\springframework\spring-web\5.2.13.RELEASE\spring-web-5.2.13.RELEASE.jar;D:\Project\Maven\org\springframework\spring-beans\5.2.13.RELEASE\spring-beans-5.2.13.RELEASE.jar;D:\Project\Maven\org\springframework\spring-core\5.2.13.RELEASE\spring-core-5.2.13.RELEASE.jar;D:\Project\Maven\org\springframework\spring-jcl\5.2.13.RELEASE\spring-jcl-5.2.13.RELEASE.jar;D:\Project\Maven\org\springframework\cloud\spring-cloud-commons\2.2.7.RELEASE\spring-cloud-commons-2.2.7.RELEASE.jar;D:\Project\Maven\org\springframework\security\spring-security-crypto\5.3.8.RELEASE\spring-security-crypto-5.3.8.RELEASE.jar;D:\Project\Maven\io\github\openfeign\feign-core\10.10.1\feign-core-10.10.1.jar;D:\Project\Maven\io\github\openfeign\feign-slf4j\10.10.1\feign-slf4j-10.10.1.jar;D:\Project\Maven\io\github\openfeign\feign-hystrix\10.10.1\feign-hystrix-10.10.1.jar;D:\Project\Maven\com\netflix\hystrix\hystrix-core\1.5.18\hystrix-core-1.5.18.jar;D:\Project\Maven\org\hdrhistogram\HdrHistogram\2.1.9\HdrHistogram-2.1.9.jar;D:\Project\Maven\com\auth0\java-jwt\3.13.0\java-jwt-3.13.0.jar;D:\Project\Maven\com\fasterxml\jackson\core\jackson-databind\2.11.4\jackson-databind-2.11.4.jar;D:\Project\Maven\commons-codec\commons-codec\1.14\commons-codec-1.14.jar;D:\Project\Maven\junit\junit\4.13.2\junit-4.13.2.jar;D:\Project\Maven\org\hamcrest\hamcrest-core\2.2\hamcrest-core-2.2.jar;D:\Project\Maven\org\hamcrest\hamcrest\2.2\hamcrest-2.2.jar;D:\Project\Maven\org\springframework\boot\spring-boot-starter-web\2.3.9.RELEASE\spring-boot-starter-web-2.3.9.RELEASE.jar;D:\Project\Maven\org\springframework\boot\spring-boot-starter\2.3.9.RELEASE\spring-boot-starter-2.3.9.RELEASE.jar;D:\Project\Maven\org\springframework\boot\spring-boot-starter-logging\2.3.9.RELEASE\spring-boot-starter-logging-2.3.9.RELEASE.jar;D:\Project\Maven\ch\qos\logback\logback-classic\1.2.3\logback-classic-1.2.3.jar;D:\Project\Maven\ch\qos\logback\logback-core\1.2.3\logback-core-1.2.3.jar;D:\Project\Maven\org\apache\logging\log4j\log4j-to-slf4j\2.13.3\log4j-to-slf4j-2.13.3.jar;D:\Project\Maven\org\apache\logging\log4j\log4j-api\2.13.3\log4j-api-2.13.3.jar;D:\Project\Maven\org\slf4j\jul-to-slf4j\1.7.30\jul-to-slf4j-1.7.30.jar;D:\Project\Maven\jakarta\annotation\jakarta.annotation-api\1.3.5\jakarta.annotation-api-1.3.5.jar;D:\Project\Maven\org\yaml\snakeyaml\1.26\snakeyaml-1.26.jar;D:\Project\Maven\org\springframework\boot\spring-boot-starter-json\2.3.9.RELEASE\spring-boot-starter-json-2.3.9.RELEASE.jar;D:\Project\Maven\com\fasterxml\jackson\datatype\jackson-datatype-jdk8\2.11.4\jackson-datatype-jdk8-2.11.4.jar;D:\Project\Maven\com\fasterxml\jackson\datatype\jackson-datatype-jsr310\2.11.4\jackson-datatype-jsr310-2.11.4.jar;D:\Project\Maven\com\fasterxml\jackson\module\jackson-module-parameter-names\2.11.4\jackson-module-parameter-names-2.11.4.jar;D:\Project\Maven\org\springframework\boot\spring-boot-starter-tomcat\2.3.9.RELEASE\spring-boot-starter-tomcat-2.3.9.RELEASE.jar;D:\Project\Maven\org\apache\tomcat\embed\tomcat-embed-core\9.0.43\tomcat-embed-core-9.0.43.jar;D:\Project\Maven\org\glassfish\jakarta.el\3.0.3\jakarta.el-3.0.3.jar;D:\Project\Maven\org\apache\tomcat\embed\tomcat-embed-websocket\9.0.43\tomcat-embed-websocket-9.0.43.jar;D:\Project\Maven\org\springframework\spring-webmvc\5.2.13.RELEASE\spring-webmvc-5.2.13.RELEASE.jar;D:\Project\Maven\org\springframework\spring-aop\5.2.13.RELEASE\spring-aop-5.2.13.RELEASE.jar;D:\Project\Maven\org\springframework\spring-context\5.2.13.RELEASE\spring-context-5.2.13.RELEASE.jar;D:\Project\Maven\org\springframework\spring-expression\5.2.13.RELEASE\spring-expression-5.2.13.RELEASE.jar;D:\Project\Maven\org\springframework\boot\spring-boot-devtools\2.3.9.RELEASE\spring-boot-devtools-2.3.9.RELEASE.jar;D:\Project\Maven\org\springframework\boot\spring-boot\2.3.9.RELEASE\spring-boot-2.3.9.RELEASE.jar;D:\Project\Maven\org\springframework\boot\spring-boot-autoconfigure\2.3.9.RELEASE\spring-boot-autoconfigure-2.3.9.RELEASE.jar;"/>
    <property name="java.vm.vendor" value="Oracle Corporation"/>
    <property name="sun.arch.data.model" value="64"/>
    <property name="user.variant" value=""/>
    <property name="java.vendor.url" value="http://java.oracle.com/"/>
    <property name="user.timezone" value="Asia/Shanghai"/>
    <property name="java.vm.specification.version" value="1.8"/>
    <property name="os.name" value="Windows 10"/>
    <property name="user.country" value="CN"/>
    <property name="sun.java.launcher" value="SUN_STANDARD"/>
    <property name="sun.boot.library.path" value="C:\Program Files\Java\jdk1.8.0_271\jre\bin"/>
    <property name="sun.java.command" value="C:\Users\Admin\AppData\Local\Temp\surefire8271012605503859660\surefirebooter871938603200587816.jar C:\Users\Admin\AppData\Local\Temp\surefire8271012605503859660 2021-03-06T10-43-22_288-jvmRun1 surefire7205756645872287887tmp surefire_0452448849147751392tmp"/>
    <property name="surefire.test.class.path" value="D:\Project\IDEA\SOCIPProject\socip-commons\target\test-classes;D:\Project\IDEA\SOCIPProject\socip-commons\target\classes;D:\Project\Maven\org\springframework\cloud\spring-cloud-starter-netflix-eureka-client\2.2.7.RELEASE\spring-cloud-starter-netflix-eureka-client-2.2.7.RELEASE.jar;D:\Project\Maven\org\springframework\cloud\spring-cloud-starter\2.2.7.RELEASE\spring-cloud-starter-2.2.7.RELEASE.jar;D:\Project\Maven\org\springframework\cloud\spring-cloud-context\2.2.7.RELEASE\spring-cloud-context-2.2.7.RELEASE.jar;D:\Project\Maven\org\springframework\security\spring-security-rsa\1.0.9.RELEASE\spring-security-rsa-1.0.9.RELEASE.jar;D:\Project\Maven\org\bouncycastle\bcpkix-jdk15on\1.64\bcpkix-jdk15on-1.64.jar;D:\Project\Maven\org\bouncycastle\bcprov-jdk15on\1.64\bcprov-jdk15on-1.64.jar;D:\Project\Maven\org\springframework\cloud\spring-cloud-netflix-hystrix\2.2.7.RELEASE\spring-cloud-netflix-hystrix-2.2.7.RELEASE.jar;D:\Project\Maven\org\springframework\boot\spring-boot-starter-aop\2.3.9.RELEASE\spring-boot-starter-aop-2.3.9.RELEASE.jar;D:\Project\Maven\org\aspectj\aspectjweaver\1.9.6\aspectjweaver-1.9.6.jar;D:\Project\Maven\org\springframework\cloud\spring-cloud-netflix-eureka-client\2.2.7.RELEASE\spring-cloud-netflix-eureka-client-2.2.7.RELEASE.jar;D:\Project\Maven\com\netflix\eureka\eureka-client\1.10.11\eureka-client-1.10.11.jar;D:\Project\Maven\com\netflix\netflix-commons\netflix-eventbus\0.3.0\netflix-eventbus-0.3.0.jar;D:\Project\Maven\com\netflix\netflix-commons\netflix-infix\0.3.0\netflix-infix-0.3.0.jar;D:\Project\Maven\commons-jxpath\commons-jxpath\1.3\commons-jxpath-1.3.jar;D:\Project\Maven\joda-time\joda-time\2.3\joda-time-2.3.jar;D:\Project\Maven\org\antlr\antlr-runtime\3.4\antlr-runtime-3.4.jar;D:\Project\Maven\org\antlr\stringtemplate\3.2.1\stringtemplate-3.2.1.jar;D:\Project\Maven\antlr\antlr\2.7.7\antlr-2.7.7.jar;D:\Project\Maven\com\google\code\gson\gson\2.8.6\gson-2.8.6.jar;D:\Project\Maven\org\apache\commons\commons-math\2.2\commons-math-2.2.jar;D:\Project\Maven\com\thoughtworks\xstream\xstream\1.4.14\xstream-1.4.14.jar;D:\Project\Maven\xmlpull\xmlpull\1.1.3.1\xmlpull-1.1.3.1.jar;D:\Project\Maven\xpp3\xpp3_min\1.1.4c\xpp3_min-1.1.4c.jar;D:\Project\Maven\com\netflix\archaius\archaius-core\0.7.7\archaius-core-0.7.7.jar;D:\Project\Maven\com\google\guava\guava\29.0-jre\guava-29.0-jre.jar;D:\Project\Maven\com\google\guava\failureaccess\1.0.1\failureaccess-1.0.1.jar;D:\Project\Maven\com\google\guava\listenablefuture\9999.0-empty-to-avoid-conflict-with-guava\listenablefuture-9999.0-empty-to-avoid-conflict-with-guava.jar;D:\Project\Maven\org\checkerframework\checker-qual\2.11.1\checker-qual-2.11.1.jar;D:\Project\Maven\com\google\errorprone\error_prone_annotations\2.3.4\error_prone_annotations-2.3.4.jar;D:\Project\Maven\com\google\j2objc\j2objc-annotations\1.3\j2objc-annotations-1.3.jar;D:\Project\Maven\javax\ws\rs\jsr311-api\1.1.1\jsr311-api-1.1.1.jar;D:\Project\Maven\com\netflix\servo\servo-core\0.12.21\servo-core-0.12.21.jar;D:\Project\Maven\com\sun\jersey\jersey-core\1.19.1\jersey-core-1.19.1.jar;D:\Project\Maven\com\sun\jersey\jersey-client\1.19.1\jersey-client-1.19.1.jar;D:\Project\Maven\com\sun\jersey\contribs\jersey-apache-client4\1.19.1\jersey-apache-client4-1.19.1.jar;D:\Project\Maven\org\apache\httpcomponents\httpclient\4.5.13\httpclient-4.5.13.jar;D:\Project\Maven\org\apache\httpcomponents\httpcore\4.4.14\httpcore-4.4.14.jar;D:\Project\Maven\commons-configuration\commons-configuration\1.10\commons-configuration-1.10.jar;D:\Project\Maven\commons-lang\commons-lang\2.6\commons-lang-2.6.jar;D:\Project\Maven\com\google\inject\guice\4.1.0\guice-4.1.0.jar;D:\Project\Maven\javax\inject\javax.inject\1\javax.inject-1.jar;D:\Project\Maven\aopalliance\aopalliance\1.0\aopalliance-1.0.jar;D:\Project\Maven\com\fasterxml\jackson\core\jackson-annotations\2.11.4\jackson-annotations-2.11.4.jar;D:\Project\Maven\com\fasterxml\jackson\core\jackson-core\2.11.4\jackson-core-2.11.4.jar;D:\Project\Maven\org\codehaus\jettison\jettison\1.4.0\jettison-1.4.0.jar;D:\Project\Maven\com\netflix\eureka\eureka-core\1.10.11\eureka-core-1.10.11.jar;D:\Project\Maven\com\fasterxml\woodstox\woodstox-core\5.3.0\woodstox-core-5.3.0.jar;D:\Project\Maven\org\codehaus\woodstox\stax2-api\4.2\stax2-api-4.2.jar;D:\Project\Maven\org\springframework\cloud\spring-cloud-starter-netflix-archaius\2.2.7.RELEASE\spring-cloud-starter-netflix-archaius-2.2.7.RELEASE.jar;D:\Project\Maven\org\springframework\cloud\spring-cloud-netflix-ribbon\2.2.7.RELEASE\spring-cloud-netflix-ribbon-2.2.7.RELEASE.jar;D:\Project\Maven\org\springframework\cloud\spring-cloud-netflix-archaius\2.2.7.RELEASE\spring-cloud-netflix-archaius-2.2.7.RELEASE.jar;D:\Project\Maven\org\springframework\cloud\spring-cloud-starter-netflix-ribbon\2.2.7.RELEASE\spring-cloud-starter-netflix-ribbon-2.2.7.RELEASE.jar;D:\Project\Maven\com\netflix\ribbon\ribbon\2.3.0\ribbon-2.3.0.jar;D:\Project\Maven\com\netflix\ribbon\ribbon-transport\2.3.0\ribbon-transport-2.3.0.jar;D:\Project\Maven\io\reactivex\rxnetty-contexts\0.4.9\rxnetty-contexts-0.4.9.jar;D:\Project\Maven\io\reactivex\rxnetty-servo\0.4.9\rxnetty-servo-0.4.9.jar;D:\Project\Maven\io\reactivex\rxnetty\0.4.9\rxnetty-0.4.9.jar;D:\Project\Maven\com\netflix\ribbon\ribbon-core\2.3.0\ribbon-core-2.3.0.jar;D:\Project\Maven\com\netflix\ribbon\ribbon-httpclient\2.3.0\ribbon-httpclient-2.3.0.jar;D:\Project\Maven\commons-collections\commons-collections\3.2.2\commons-collections-3.2.2.jar;D:\Project\Maven\com\netflix\netflix-commons\netflix-commons-util\0.3.0\netflix-commons-util-0.3.0.jar;D:\Project\Maven\com\netflix\ribbon\ribbon-loadbalancer\2.3.0\ribbon-loadbalancer-2.3.0.jar;D:\Project\Maven\com\netflix\netflix-commons\netflix-statistics\0.1.1\netflix-statistics-0.1.1.jar;D:\Project\Maven\io\reactivex\rxjava\1.3.8\rxjava-1.3.8.jar;D:\Project\Maven\org\springframework\cloud\spring-cloud-starter-loadbalancer\2.2.7.RELEASE\spring-cloud-starter-loadbalancer-2.2.7.RELEASE.jar;D:\Project\Maven\org\springframework\cloud\spring-cloud-loadbalancer\2.2.7.RELEASE\spring-cloud-loadbalancer-2.2.7.RELEASE.jar;D:\Project\Maven\org\springframework\boot\spring-boot-starter-validation\2.3.9.RELEASE\spring-boot-starter-validation-2.3.9.RELEASE.jar;D:\Project\Maven\org\hibernate\validator\hibernate-validator\6.1.7.Final\hibernate-validator-6.1.7.Final.jar;D:\Project\Maven\jakarta\validation\jakarta.validation-api\2.0.2\jakarta.validation-api-2.0.2.jar;D:\Project\Maven\org\jboss\logging\jboss-logging\3.4.1.Final\jboss-logging-3.4.1.Final.jar;D:\Project\Maven\com\fasterxml\classmate\1.5.1\classmate-1.5.1.jar;D:\Project\Maven\io\projectreactor\reactor-core\3.3.14.RELEASE\reactor-core-3.3.14.RELEASE.jar;D:\Project\Maven\org\reactivestreams\reactive-streams\1.0.3\reactive-streams-1.0.3.jar;D:\Project\Maven\io\projectreactor\addons\reactor-extra\3.3.5.RELEASE\reactor-extra-3.3.5.RELEASE.jar;D:\Project\Maven\org\springframework\boot\spring-boot-starter-cache\2.3.9.RELEASE\spring-boot-starter-cache-2.3.9.RELEASE.jar;D:\Project\Maven\org\springframework\spring-context-support\5.2.13.RELEASE\spring-context-support-5.2.13.RELEASE.jar;D:\Project\Maven\com\stoyanr\evictor\1.0.0\evictor-1.0.0.jar;D:\Project\Maven\com\netflix\ribbon\ribbon-eureka\2.3.0\ribbon-eureka-2.3.0.jar;D:\Project\Maven\org\slf4j\slf4j-api\1.7.30\slf4j-api-1.7.30.jar;D:\Project\Maven\org\springframework\cloud\spring-cloud-starter-openfeign\2.2.7.RELEASE\spring-cloud-starter-openfeign-2.2.7.RELEASE.jar;D:\Project\Maven\org\springframework\cloud\spring-cloud-openfeign-core\2.2.7.RELEASE\spring-cloud-openfeign-core-2.2.7.RELEASE.jar;D:\Project\Maven\io\github\openfeign\form\feign-form-spring\3.8.0\feign-form-spring-3.8.0.jar;D:\Project\Maven\io\github\openfeign\form\feign-form\3.8.0\feign-form-3.8.0.jar;D:\Project\Maven\commons-fileupload\commons-fileupload\1.4\commons-fileupload-1.4.jar;D:\Project\Maven\commons-io\commons-io\2.2\commons-io-2.2.jar;D:\Project\Maven\org\springframework\spring-web\5.2.13.RELEASE\spring-web-5.2.13.RELEASE.jar;D:\Project\Maven\org\springframework\spring-beans\5.2.13.RELEASE\spring-beans-5.2.13.RELEASE.jar;D:\Project\Maven\org\springframework\spring-core\5.2.13.RELEASE\spring-core-5.2.13.RELEASE.jar;D:\Project\Maven\org\springframework\spring-jcl\5.2.13.RELEASE\spring-jcl-5.2.13.RELEASE.jar;D:\Project\Maven\org\springframework\cloud\spring-cloud-commons\2.2.7.RELEASE\spring-cloud-commons-2.2.7.RELEASE.jar;D:\Project\Maven\org\springframework\security\spring-security-crypto\5.3.8.RELEASE\spring-security-crypto-5.3.8.RELEASE.jar;D:\Project\Maven\io\github\openfeign\feign-core\10.10.1\feign-core-10.10.1.jar;D:\Project\Maven\io\github\openfeign\feign-slf4j\10.10.1\feign-slf4j-10.10.1.jar;D:\Project\Maven\io\github\openfeign\feign-hystrix\10.10.1\feign-hystrix-10.10.1.jar;D:\Project\Maven\com\netflix\hystrix\hystrix-core\1.5.18\hystrix-core-1.5.18.jar;D:\Project\Maven\org\hdrhistogram\HdrHistogram\2.1.9\HdrHistogram-2.1.9.jar;D:\Project\Maven\com\auth0\java-jwt\3.13.0\java-jwt-3.13.0.jar;D:\Project\Maven\com\fasterxml\jackson\core\jackson-databind\2.11.4\jackson-databind-2.11.4.jar;D:\Project\Maven\commons-codec\commons-codec\1.14\commons-codec-1.14.jar;D:\Project\Maven\junit\junit\4.13.2\junit-4.13.2.jar;D:\Project\Maven\org\hamcrest\hamcrest-core\2.2\hamcrest-core-2.2.jar;D:\Project\Maven\org\hamcrest\hamcrest\2.2\hamcrest-2.2.jar;D:\Project\Maven\org\springframework\boot\spring-boot-starter-web\2.3.9.RELEASE\spring-boot-starter-web-2.3.9.RELEASE.jar;D:\Project\Maven\org\springframework\boot\spring-boot-starter\2.3.9.RELEASE\spring-boot-starter-2.3.9.RELEASE.jar;D:\Project\Maven\org\springframework\boot\spring-boot-starter-logging\2.3.9.RELEASE\spring-boot-starter-logging-2.3.9.RELEASE.jar;D:\Project\Maven\ch\qos\logback\logback-classic\1.2.3\logback-classic-1.2.3.jar;D:\Project\Maven\ch\qos\logback\logback-core\1.2.3\logback-core-1.2.3.jar;D:\Project\Maven\org\apache\logging\log4j\log4j-to-slf4j\2.13.3\log4j-to-slf4j-2.13.3.jar;D:\Project\Maven\org\apache\logging\log4j\log4j-api\2.13.3\log4j-api-2.13.3.jar;D:\Project\Maven\org\slf4j\jul-to-slf4j\1.7.30\jul-to-slf4j-1.7.30.jar;D:\Project\Maven\jakarta\annotation\jakarta.annotation-api\1.3.5\jakarta.annotation-api-1.3.5.jar;D:\Project\Maven\org\yaml\snakeyaml\1.26\snakeyaml-1.26.jar;D:\Project\Maven\org\springframework\boot\spring-boot-starter-json\2.3.9.RELEASE\spring-boot-starter-json-2.3.9.RELEASE.jar;D:\Project\Maven\com\fasterxml\jackson\datatype\jackson-datatype-jdk8\2.11.4\jackson-datatype-jdk8-2.11.4.jar;D:\Project\Maven\com\fasterxml\jackson\datatype\jackson-datatype-jsr310\2.11.4\jackson-datatype-jsr310-2.11.4.jar;D:\Project\Maven\com\fasterxml\jackson\module\jackson-module-parameter-names\2.11.4\jackson-module-parameter-names-2.11.4.jar;D:\Project\Maven\org\springframework\boot\spring-boot-starter-tomcat\2.3.9.RELEASE\spring-boot-starter-tomcat-2.3.9.RELEASE.jar;D:\Project\Maven\org\apache\tomcat\embed\tomcat-embed-core\9.0.43\tomcat-embed-core-9.0.43.jar;D:\Project\Maven\org\glassfish\jakarta.el\3.0.3\jakarta.el-3.0.3.jar;D:\Project\Maven\org\apache\tomcat\embed\tomcat-embed-websocket\9.0.43\tomcat-embed-websocket-9.0.43.jar;D:\Project\Maven\org\springframework\spring-webmvc\5.2.13.RELEASE\spring-webmvc-5.2.13.RELEASE.jar;D:\Project\Maven\org\springframework\spring-aop\5.2.13.RELEASE\spring-aop-5.2.13.RELEASE.jar;D:\Project\Maven\org\springframework\spring-context\5.2.13.RELEASE\spring-context-5.2.13.RELEASE.jar;D:\Project\Maven\org\springframework\spring-expression\5.2.13.RELEASE\spring-expression-5.2.13.RELEASE.jar;D:\Project\Maven\org\springframework\boot\spring-boot-devtools\2.3.9.RELEASE\spring-boot-devtools-2.3.9.RELEASE.jar;D:\Project\Maven\org\springframework\boot\spring-boot\2.3.9.RELEASE\spring-boot-2.3.9.RELEASE.jar;D:\Project\Maven\org\springframework\boot\spring-boot-autoconfigure\2.3.9.RELEASE\spring-boot-autoconfigure-2.3.9.RELEASE.jar;"/>
    <property name="sun.cpu.endian" value="little"/>
    <property name="user.home" value="C:\Users\Admin"/>
    <property name="user.language" value="zh"/>
    <property name="java.specification.vendor" value="Oracle Corporation"/>
    <property name="java.home" value="C:\Program Files\Java\jdk1.8.0_271\jre"/>
    <property name="basedir" value="D:\Project\IDEA\SOCIPProject\socip-commons"/>
    <property name="file.separator" value="\"/>
    <property name="line.separator" value="&#10;"/>
    <property name="java.vm.specification.vendor" value="Oracle Corporation"/>
    <property name="java.specification.name" value="Java Platform API Specification"/>
    <property name="java.awt.graphicsenv" value="sun.awt.Win32GraphicsEnvironment"/>
    <property name="surefire.real.class.path" value="C:\Users\Admin\AppData\Local\Temp\surefire8271012605503859660\surefirebooter871938603200587816.jar"/>
    <property name="sun.boot.class.path" value="C:\Program Files\Java\jdk1.8.0_271\jre\lib\resources.jar;C:\Program Files\Java\jdk1.8.0_271\jre\lib\rt.jar;C:\Program Files\Java\jdk1.8.0_271\jre\lib\sunrsasign.jar;C:\Program Files\Java\jdk1.8.0_271\jre\lib\jsse.jar;C:\Program Files\Java\jdk1.8.0_271\jre\lib\jce.jar;C:\Program Files\Java\jdk1.8.0_271\jre\lib\charsets.jar;C:\Program Files\Java\jdk1.8.0_271\jre\lib\jfr.jar;C:\Program Files\Java\jdk1.8.0_271\jre\classes"/>
    <property name="user.script" value=""/>
    <property name="sun.management.compiler" value="HotSpot 64-Bit Tiered Compilers"/>
    <property name="java.runtime.version" value="1.8.0_271-b09"/>
    <property name="user.name" value="Admin"/>
    <property name="path.separator" value=";"/>
    <property name="os.version" value="10.0"/>
    <property name="java.endorsed.dirs" value="C:\Program Files\Java\jdk1.8.0_271\jre\lib\endorsed"/>
    <property name="java.runtime.name" value="Java(TM) SE Runtime Environment"/>
    <property name="file.encoding" value="GBK"/>
    <property name="java.vm.name" value="Java HotSpot(TM) 64-Bit Server VM"/>
    <property name="localRepository" value="D:\Project\Maven"/>
    <property name="java.vendor.url.bug" value="http://bugreport.sun.com/bugreport/"/>
    <property name="java.io.tmpdir" value="C:\Users\Admin\AppData\Local\Temp\"/>
    <property name="idea.version" value="2020.2.3"/>
    <property name="java.version" value="1.8.0_271"/>
    <property name="user.dir" value="D:\Project\IDEA\SOCIPProject\socip-commons"/>
    <property name="os.arch" value="amd64"/>
    <property name="java.vm.specification.name" value="Java Virtual Machine Specification"/>
    <property name="java.awt.printerjob" value="sun.awt.windows.WPrinterJob"/>
    <property name="sun.os.patch.level" value=""/>
    <property name="java.library.path" value="C:\Program Files\Java\jdk1.8.0_271\jre\bin;C:\Windows\Sun\Java\bin;C:\Windows\system32;C:\Windows;C:\Program Files (x86)\Common Files\Oracle\Java\javapath;C:\Program Files\Common Files\Intel\WirelessCommon\;C:\Windows\system32;C:\Windows;C:\Windows\System32\Wbem;C:\Windows\System32\WindowsPowerShell\v1.0\;C:\Windows\System32\OpenSSH\;C:\Program Files (x86)\NVIDIA Corporation\PhysX\Common;C:\Program Files\NVIDIA Corporation\NVIDIA NvDLISR;C:\Program Files\Intel\WiFi\bin\;C:\Program Files\Java\jdk1.8.0_271\bin;D:\Program Files\MySQL\MySQL Server 5.7\bin;C:\Program Files\Git\cmd;C:\Program Files\nodejs\;D:\Program Files\PuTTY\;C:\Users\Admin\AppData\Local\Microsoft\WindowsApps;C:\Users\Admin\AppData\Roaming\npm;."/>
    <property name="java.vm.info" value="mixed mode"/>
    <property name="java.vendor" value="Oracle Corporation"/>
    <property name="java.vm.version" value="25.271-b09"/>
    <property name="java.ext.dirs" value="C:\Program Files\Java\jdk1.8.0_271\jre\lib\ext;C:\Windows\Sun\Java\lib\ext"/>
    <property name="sun.io.unicode.encoding" value="UnicodeLittle"/>
    <property name="java.class.version" value="52.0"/>
  </properties>
  <testcase name="shouldAnswerWithTrue" classname="cn.ekgc.socip.AppTest" time="0.008"/>
</testsuite>